<?xml version="1.0" encoding="UTF-8"?>
<!-- Generated by org.testng.reporters.JUnitReportReporter -->
<testsuite hostname="DESKTOP-7DR900E" failures="0" tests="2" name="testng_Practice.TestProcess" time="47.637" errors="0" timestamp="2023-10-10T17:03:22 IST" skipped="0">
  <testcase classname="testng_Practice.TestProcess" name="login" time="25.346"/>
  <testcase classname="testng_Practice.TestProcess" name="login" time="22.291"/>
</testsuite> <!-- testng_Practice.TestProcess -->
