<?xml version="1.0" encoding="UTF-8"?>
<!-- Generated by org.testng.reporters.JUnitReportReporter -->
<testsuite hostname="DESKTOP-7DR900E" failures="0" tests="1" name="testng_Practice.TestngDemo1" time="7.496" errors="0" timestamp="2023-09-13T11:20:01 IST" skipped="0">
  <testcase classname="testng_Practice.TestngDemo1" name="demomethod" time="7.496"/>
</testsuite> <!-- testng_Practice.TestngDemo1 -->
